Microsoft (R) Macro Assembler Version 6.11		    11/04/19 19:16:26
time.asm						     Page 1 - 1


				;******************************************************************************************
				;Name: 		Dr. Bailey / Ryan Shupe
				;Program: 	time.asm
				;Class: 	CSCI 2160-001
				;Lab: 		proj5a
				;Date: 		November 2, 2019
				;Purpose:
				;		 call the GetLocalTime method and return a string made up of the time in some sort of readable format.e.g. 
				; Time:  November 2, 2019  at 3:37:22 PM.  The getTime method is contained in an external file
				;  time.asm  in which it will have its own data segment. It calls the getsTime method which
				;  actually creates the string
				;******************************************************************************************
					.486
					.model flat
				;******************************************************************************************
					intasc32 			PROTO Near32 stdcall, lpStringToHold:dword, dval:dword
					intasc32Comma 		PROTO Near32 stdcall, lpStringToHold:dword, dval:dword
					GetLocalTime		PROTO Near32 stdcall, lpSystemTime:PTR SYSTEMTIME
					getsTime			PROTO Near32 stdcall, lpStringOfSysTime:dword,lpStringTime:dword
					getTime				PROTO Near32 stdcall   ;returns address of time string
					appendString		PROTO Near32 stdcall, lpDestination:dword, lpSource:dword
				;******************************************************************************************	
 00000010			SYSTEMTIME STRUCT
 00000000  0000				wYear		word	?			;holds system year
 00000002  0000				wMonth		word	?			;holds system month
 00000004  0000				wDayOfWeek	word	?			;holds system DayOfWeek
 00000006  0000				wDay		word	?			;holds system Day
 00000008  0000				wHour		word	?			;holds system Hour
 0000000A  0000				wMinute		word	?			;holds system minute
 0000000C  0000				wSecond		word	?			;holds system second
 0000000E  0000				wMillisecs	word	?			;holds system millisecond									
				SYSTEMTIME ENDS	
				;******************************************************************************************
				COMMENT%
				******************************************************************************
				*Name: getBytes                                                              *
				*Purpose:                                                                    *
				*	  Intakes an address and counts the number of bytes into a string including*
				*     the null char and returns the number.                                  *
				*Date Created: 10/24/2019                                                    *
				*Date Modified: 10/25/2019                                                   *
				*                                                                            *
				*                                                                            *
				*@param String1:byte                                                         *
				*****************************************************************************%
				getBytes MACRO String:REQ
					LOCAL stLoop						;add a local label so the assembler doesnt yell when this is called more than once
					LOCAL done							;add a local label so the assembler doesnt yell when this is called more than once
					PUSH EBP							;preserves base register
					MOV EBP, ESP						;sets a new stack frame
					PUSH EBX							;pushes EBX to the stack to store this
					PUSH ESI							;pushes ESI to the stack to preseve
					MOV EBX, String						;;moves into ebx the first val in the stack that we are going to use
					MOV ESI, 0							;sets the initial point to 0
						
					stLoop:
						CMP byte ptr [EBX + ESI], 0		;compares the two positions to determine if this is the end of the string
						JE done							;;if it is jump to finished
						INC ESI							;if not increment esi
						JMP stLoop						;;jump to the top of the loop and look at the next char
					done:		
						INC ESI							;increment esi to include the null character in the string
						MOV EAX, ESI					;move the value of esi into eax for proper output and return
					
					POP ESI								;restore original esi
					POP EBX								;restore original ebx
					POP EBP								;restore originla ebp
				ENDM
				;******************************************************************************************
 00000000				.DATA
 00000000 0000 0000 0000	sysTime 	SYSTEMTIME			<>  				  ;SYSTEM TIME variable with attributes of the time 
	   0000 0000 0000
	   0000 0000
 00000010  000000C8 [		strTimeString  byte 200 dup(?)      				  ;contains the address of the dynamic time string
	    00
	   ]
 000000D8  00000032 [		strTempString byte 50 dup(?)	    				  ;temp string that will be manipulated for output to time string
	    00
	   ]
 0000010A 0A 0D 09 20 4A	strJanuary byte 10,13,9," January ", 0
	   61 6E 75 61 72
	   79 20 00
 00000117 0A 0D 09 20 46	strFebruary byte 10,13,9," February ", 0
	   65 62 72 75 61
	   72 79 20 00
 00000125 0A 0D 09 20 4D	strMarch byte 10,13,9," March ", 0
	   61 72 63 68 20
	   00
 00000130 0A 0D 09 20 41	strApril byte 10,13,9," April ", 0
	   70 72 69 6C 20
	   00
 0000013B 0A 0D 09 20 4D	strMay byte 10,13,9," May ", 0
	   61 79 20 00
 00000144 0A 0D 09 20 4A	strJune byte 10,13,9," June ", 0
	   75 6E 65 20 00
 0000014E 0A 0D 09 20 4A	strJuly byte 10,13,9," July ", 0
	   75 6C 79 20 00
 00000158 0A 0D 09 20 41	strAugust byte 10,13,9," August ", 0 
	   75 67 75 73 74
	   20 00
 00000164 0A 0D 09 20 53	strSeptember byte 10,13,9," September ", 0
	   65 70 74 65 6D
	   62 65 72 20 00
 00000173 0A 0D 09 20 4F	strOctober byte 10,13,9," October ", 0
	   63 74 6F 62 65
	   72 20 00
 00000180 0A 0D 09 20 4E	strNovember byte 10,13,9," November ", 0
	   6F 76 65 6D 62
	   65 72 20 00
 0000018E 0A 0D 09 20 44	strDecember byte 10,13,9," December ", 0
	   65 63 65 6D 62
	   65 72 20 00

 0000019C 20 41 2E 4D 2E	strAM byte " A.M.", 0
	   00
 000001A2 20 50 2E 4D 2E	strPM byte " P.M.", 0
	   00
 000001A8 3A 00			strCol byte ":", 0
 000001AA 20 61 74 20 00	strAt byte " at ", 0
 000001AF 2C 20 00		strComma byte ", ", 0
 000001B2 00			bAM byte 0											   ;byte to signify whether it is AM orPM
				;******************************************************************************************
 00000000				.code
				COMMENT%
				******************************************************************************
				*Name: getTime                                                               *
				*Purpose:                                                                    *
				*	  gets the system time and calls the method to format it into a string   *
				*Date Created: 10/31/2019                                                    *
				*Date Modified: 11/02/2019                                                   *
				*                                                                            *
				*                                                                            *
				*****************************************************************************%
 00000000			getTime	proc Near32 stdcall
					INVOKE GetLocalTime, ADDR sysTime				   ;calls the get local time method and it returns the local time from the PC 
					INVOKE getsTime, addr sysTime, addr strTimeString  ;returns a displayable string with the date and time
 00000019  C3				RET
 0000001A			getTime	endp	

				COMMENT%
				******************************************************************************
				*Name: getsTime                                                              *
				*Purpose:                                                                    *
				*	  Gets the time and returns the address with the formatted string in it  *
				*Date Created: 10/31/2019                                                    *
				*Date Modified: 11/02/2019                                                   *
				*                                                                            *
				*                                                                            *
				*@param lpSystemTime:dword                                                   *
				*@param lpTimeString:dword	                                                 *
				*****************************************************************************%

 0000001A			getsTime proc  Near32 stdcall, lpSystemTime:dword, lpTimeString:dword
						LOCAL outputAddress:dword					   ;initializes the method with a output address local variable initialized
 00000020  8B 5D 08				MOV EBX, lpSystemTime						   ;move the input values into the local values so i dont get confused

 00000023  8B 45 0C				MOV EAX, lpTimeString						   ;moves the address of the string where the time will be displayed into eax
 00000026  89 45 FC				MOV outputAddress, EAX						   ;moves the address in eax into the output address
 00000029  8B 55 FC				MOV EDX, outputAddress						   ;moves the output address into edx

						ASSUME EBX:ptr SYSTEMTIME					   ;assume that ebx is a systemtime so we can reference it easier
 0000002C  0F BF 43 02				MOVSX EAX, word ptr [EBX].wMonth			   ;moves the month number into eax so we can compare it to the correct month
						
 00000030  83 F8 01				CMP EAX, 1									   ;compares the month number to 1
 00000033  74 57				JE January									   ;if it is 1 then jump to the january section
 00000035  83 F8 02				CMP EAX, 2									   ;compares the month number to 2
 00000038  74 64				JE February									   ;if it is the month number then jump to the appropriate section
 0000003A  83 F8 03				CMP EAX, 3									   ;compares the month number to 3
 0000003D  74 71				JE March									   ;if it is the month number then jump to the appropriate section
 0000003F  83 F8 04				CMP EAX, 4									   ;compares the month number to 4
 00000042  74 7E				JE April									   ;if it is the month number then jump to the appropriate section
 00000044  83 F8 05				CMP EAX, 5									   ;compares the month number to 5
 00000047  0F 84 00000084		JE May										   ;if it is the month number then jump to the appropriate section
 0000004D  83 F8 06				CMP EAX, 6									   ;compares the month number to 6
 00000050  0F 84 0000008A			JE June										   ;if it is the month number then jump to the appropriate section
 00000056  83 F8 07				CMP EAX, 7									   ;compares the month number to 7
 00000059  0F 84 00000090			JE July										   ;if it is the month number then jump to the appropriate section
 0000005F  83 F8 08				CMP EAX, 8									   ;compares the month number to 8
 00000062  0F 84 00000096			JE August									   ;if it is the month number then jump to the appropriate section
 00000068  83 F8 09				CMP EAX, 9									   ;compares the month number to 9
 0000006B  0F 84 0000009C			JE September								   ;if it is the month number then jump to the appropriate section
 00000071  83 F8 0A				CMP EAX, 10									   ;compares the month number to 10
 00000074  0F 84 000000A2			JE October									   ;if it is the month number then jump to the appropriate section
 0000007A  83 F8 0B				CMP EAX, 11									   ;compares the month number to 11
 0000007D  0F 84 000000A8			JE November									   ;if it is the month number then jump to the appropriate section
 00000083  83 F8 0C				CMP EAX, 12									   ;compares the month number to 12
 00000086  0F 84 000000AE			JE December									   ;if it is the month number then jump to the appropriate section
					
 0000008C				January:	
						INVOKE appendString, lpTimeString, addr strJanuary			;appends the january string at the beginning of the address using appendString
 00000099  E9 000000AB				JMP InsertRest												;jump to the section to insert the rest of the time into the string
 0000009E				February:
						INVOKE appendString, lpTimeString, addr strFebruary			;appends the february string at the beginning of the address using appendString
 000000AB  E9 00000099				JMP InsertRest												;jump to the section to insert the rest of the time into the string
 000000B0				March:
						INVOKE appendString, lpTimeString, addr strMarch			;appends the march string at the beginning of the address using appendString
 000000BD  E9 00000087				JMP InsertRest												;jump to the section to insert the rest of the time into the string
 000000C2				April:
						INVOKE appendString, lpTimeString, addr strApril			;appends the april string at the beginning of the address using appendString
 000000CF  EB 78				JMP InsertRest												;jump to the section to insert the rest of the time into the string
 000000D1				May:	
						INVOKE appendString, lpTimeString, addr strMay				;appends the may string at the beginning of the address using appendString
 000000DE  EB 69				JMP InsertRest												;jump to the section to insert the rest of the time into the string
 000000E0				June:
						INVOKE appendString, lpTimeString, addr strJune				;appends the june string at the beginning of the address using appendString
 000000ED  EB 5A				JMP InsertRest												;jump to the section to insert the rest of the time into the string
 000000EF				July:
						INVOKE appendString, lpTimeString, addr strJuly				;appends the july string at the beginning of the address using appendString
 000000FC  EB 4B				JMP InsertRest												;jump to the section to insert the rest of the time into the string
 000000FE				August:
						INVOKE appendString, lpTimeString, addr strAugust			;appends the august string at the beginning of the address using appendString
 0000010B  EB 3C				JMP InsertRest												;jump to the section to insert the rest of the time into the string
 0000010D				September:
						INVOKE appendString, lpTimeString, addr strSeptember		;appends the september string at the beginning of the address using appendString
 0000011A  EB 2D				JMP InsertRest												;jump to the section to insert the rest of the time into the string		
 0000011C				October:
						INVOKE appendString, lpTimeString, addr strOctober			;appends the octiber string at the beginning of the address using appendString
 00000129  EB 1E				JMP InsertRest												;jump to the section to insert the rest of the time into the string
 0000012B				November:
						INVOKE appendString, lpTimeString, addr strNovember			;appends the november string at the beginning of the address using appendString
 00000138  EB 0F				JMP InsertRest												;jump to the section to insert the rest of the time into the string
 0000013A				December:
						INVOKE appendString, lpTimeString, addr strDecember			;appends the december string at the beginning of the address using appendString
 00000147  EB 00				JMP InsertRest												;jump to the section to insert the rest of the time into the string
						
 00000149				InsertRest:
 00000149  0F BF 53 06				MOVSX EDX, word ptr [EBX].wDay 								;moves the day number into EDX with its sign extended to clear out the rest of the numbers
						INVOKE intasc32, ADDR strTempString, EDX 					;turns the day into a temp string of ascii characters
						INVOKE appendString, lpTimeString, addr strTempString		;appends the day at the end of the current time string which is just the month right now
						INVOKE appendString, lpTimeString, addr strComma			;inserts the comma string at the end of the current time string
						
 00000172  0F BF 13				MOVSX EDX, word ptr [EBX].wYear								;moves the year into EDX with its sign extended to clear out the rest of the numbers
						INVOKE intasc32, ADDR strTempString, EDX					;turns the year into a temp string of ascii characters
						INVOKE appendString, lpTimeString, addr strTempString		;appends the day at the end of the current time string which is the month and day
						INVOKE appendString, lpTimeString, addr strAt				;inserts the word at at the end of the current time string
					
 0000019A  0F BF 53 08				MOVSX EDX, word ptr [EBX].wHour								;moves the current hour into edx with its sign extended to clear out the rest of the numbers
 0000019E  83 FA 00				CMP EDX, 0													;compares the hour number to 0 to check to osee if it is midnight
 000001A1  74 38				JE Midnight													;if it is then jump to the midnight section
 000001A3  83 FA 18				CMP EDX, 24													;compares the current hour to 24 to see if it is midnight
 000001A6  74 33				JE Midnight													;if it is then jump to the midnight section
 000001A8  83 FA 0D				CMP EDX, 13													;compares the hour number to 13
 000001AB  7D 5F				JGE PMConvert												;if it is greater than or equal to 13 then jump to the section that will enable the PM string
						INVOKE intasc32, ADDR strTempString, EDX					;converts the hour into the ascii characters
						INVOKE appendString, lpTimeString, addr strTempString		;appends to the end of the current time string what is in temp string 
						INVOKE appendString, lpTimeString, addr strCol				;appends a : at the end of the current time string
 000001D2  C6 05 000001B2 R			MOV bAM, 1												;set the bAM variable to 1, so later we can display the AM message
	   01
 000001D9  EB 62				JMP Minute													;jump to the minute section
						
 000001DB					Midnight:
 000001DB  83 C2 0C					ADD EDX, 12												;adds 12 the the current hour to symbolize 12 AM
							INVOKE intasc32, ADDR strTempString, EDX				;comverts the hour into the ascii characters
							INVOKE appendString, lpTimeString, addr strTempString	;appends to the end of the current time string what is in temp string 
							INVOKE appendString, lpTimeString, addr strCol			;appends a : at the end of the current time string
 00000203  C6 05 000001B2 R				MOV bAM, 1												;set the bAM variable to 1, so later we can display the AM message
	   01
 0000020A  EB 31					JMP Minute												;jump to the minute section
							
 0000020C					PMConvert:
 0000020C  83 EA 0C					SUB EDX, 12												;subtracts 12 from the current hour to convert it for displaying
							INVOKE intasc32, ADDR strTempString, EDX				;converts the hour to the current ascii characters
							INVOKE appendString, lpTimeString, addr strTempString	;appends to the end of the current time string what is in temp string 
							INVOKE appendString, lpTimeString, addr strCol			;appends a : at the end of the current time string
 00000234  C6 05 000001B2 R				MOV bAM, 0												;set the BAM byte to 1, to signify that its PM 
	   00
 0000023B  EB 00					JMP Minute												;jump to the minute section 
							
 0000023D					Minute:
 0000023D  0F BF 53 0A					MOVSX EDX, word ptr [EBX].wMinute						;moves the current minute into edx
 00000241  83 FA 0A					CMP EDX, 10												;compares the current minute to see if it is less than 10
 00000244  7C 27					JL formatMin											;if it is less than 10 then we need to format it to 2 digits so jump to the section
							INVOKE intasc32, ADDR strTempString, EDX				;if it is not, convert the current minute into ascii characters 
							INVOKE appendString, lpTimeString, addr strTempString	;appends to the end of the current time string what is in temp string 
							INVOKE appendString, lpTimeString, addr strCol			;appends a : at the end of the current time string
 0000026B  EB 40					JMP Second												;jump to the seconds section
						
 0000026D					formatMin:
							INVOKE intasc32, ADDR strTempString, 0					;append a 0 at the end of the current string for formattiong
							INVOKE appendString, lpTimeString, addr strTempString	;appends to the end of the current time string what is in temp string 
							INVOKE intasc32, ADDR strTempString, EDX				;convert the minute into the ascii characters
							INVOKE appendString, lpTimeString, addr strTempString	;appends to the end of the current time string what is in temp string 
							INVOKE appendString, lpTimeString, addr strCol			;appends a : at the end of the current time string
 000002AB  EB 00					JMP Second												;jump to the seconds section
						
 000002AD					Second:
 000002AD  0F BF 53 0C					MOVSX EDX, word ptr [EBX].wSecond						;moves the current second into EDX
 000002B1  83 FA 0A					CMP EDX, 10												;compares the seconds to see if it is less than 10
 000002B4  7C 27					JL formatSec											;if it is less than then we need to format it
							INVOKE intasc32, ADDR strTempString, EDX				;if it is not, convert the seconds into the ascii characters
							INVOKE appendString, lpTimeString, addr strTempString	;appends to the end of the current time string what is in temp string 
							INVOKE appendString, lpTimeString, addr strCol			;appends a : at the end of the current time string
 000002DB  EB 40					JMP Millisecs											;jump to the milliseconds section
						
 000002DD					formatSec:
							INVOKE intasc32, ADDR strTempString, 0					;append a 0 at the end of the current string for formattiong
							INVOKE appendString, lpTimeString, addr strTempString	;appends to the end of the current time string what is in temp string 
							INVOKE intasc32, ADDR strTempString, EDX				;convert the minute into the ascii characters
							INVOKE appendString, lpTimeString, addr strTempString	;appends to the end of the current time string what is in temp string 
							INVOKE appendString, lpTimeString, addr strCol			;appends a : at the end of the current time string
 0000031B  EB 00					JMP Millisecs											;jump to the milliseconds section
						
 0000031D					Millisecs:
 0000031D  0F BF 53 0E					MOVSX EDX, word ptr [EBX].wMillisecs					;moves the current millisecond into EDX
 00000321  83 FA 64					CMP EDX, 100											;compares it to see if it is less than 100
 00000324  7C 1A					JL formatMill											;if it is, then we need to format it
							INVOKE intasc32, ADDR strTempString, EDX				;if not, then convert the current millisecond into ascii characters. 
							INVOKE appendString, lpTimeString, addr strTempString	;appends to the end of the current time string what is in temp string 
 0000033E  EB 33					JMP endofTime											;jump to the end of time section
							
 00000340					formatMill:	
							INVOKE intasc32, ADDR strTempString, 0					;append a 0 at the end of the current string for formattiong
							INVOKE appendString, lpTimeString, addr strTempString	;appends to the end of the current time string what is in temp string 
							INVOKE intasc32, ADDR strTempString, EDX				;convert the minute into the ascii characters
							INVOKE appendString, lpTimeString, addr strTempString	;appends to the end of the current time string what is in temp string 
 00000371  EB 00					JMP endofTime											;jump to the end of time section
							
 00000373					endofTime:
 00000373  80 3D 000001B2 R				CMP bAM, 1												;compares to see if the bAM byte is 1
	   01
 0000037A  74 0F					JE itsAM												;if it is 1, then it is AM
							INVOKE appendString, lpTimeString, addr strPM			;if not, then it is PM call appendstring and add PM at the end of the current string 
 00000389  EB 0F					JMP done												;jump to done. 
							
 0000038B						itsAM:
								INVOKE appendString, lpTimeString, addr strAM		;call appendstring and add AM at the end of the current string 
 00000398  EB 00						JMP done											;jump to done
								
 0000039A						done:
							ASSUME EBX: ptr nothing									;now that we are done we dont have to assume ebx is a time anymore
 0000039A  8B 45 0C					MOV EAX, lpTimeString									;moves into eax the address of the time string for returning	
							RET														;return to where i was called. 
 000003A1			getsTime	endp


				COMMENT%
				******************************************************************************
				*Name: appendString                                                          *
				*Purpose:                                                                    *
				*	  This method copies the null-terminated string starting at the address  *
				*  indicated by the source parameter into the string starting at the address *
				*  indicated by the destination. The destination string will be null-terminated*
				*  after appending.                                                          *
				*Date Created: 10/31/2019                                                    *
				*Date Modified: 11/02/2019                                                   *
				*                                                                            *
				*                                                                            *
				*@param lpDestination:dword                                                  *
				*@param lpDSource:dword	                                                     *
				*****************************************************************************%
 000003A1			appendString PROC Near32 stdcall uses EDX ECX EDI EBX, lpDestination:dword, lpSource:dword
					LOCAL numBytesToCopy:dword
					
 000003AB  8B 55 0C			MOV EDX, lpSource				;moves the source address into EDX so we can get the number of current bytes
					getBytes EDX					;call the getbytes macro so we get the current number of bytes. 
 000003AE  55		     1		PUSH EBP							
 000003AF  8B EC	     1		MOV EBP, ESP						
 000003B1  53		     1		PUSH EBX							
 000003B2  56		     1		PUSH ESI							
 000003B3  8B DA	     1		MOV EBX, EDX						
 000003B5  BE 00000000	     1		MOV ESI, 0							
 000003BA		     1		??0000:
 000003BA  80 3C 1E 00	     1			CMP byte ptr [EBX + ESI], 0		
 000003BE  74 03	     1			JE ??0001							
 000003C0  46		     1			INC ESI							
 000003C1  EB F7	     1			JMP ??0000						
 000003C3		     1		??0001:		
 000003C3  46		     1			INC ESI							
 000003C4  8B C6	     1			MOV EAX, ESI					
 000003C6  5E		     1		POP ESI								
 000003C7  5B		     1		POP EBX								
 000003C8  5D		     1		POP EBP								
 000003C9  89 45 FC			MOV numBytesToCopy, EAX			;stores this into a local variable
 000003CC  8B 45 08			MOV EAX, lpDestination			;moves into EAX, the destination address
					getBytes EAX					;gets the number of bytes of the destination address
 000003CF  55		     1		PUSH EBP							
 000003D0  8B EC	     1		MOV EBP, ESP						
 000003D2  53		     1		PUSH EBX							
 000003D3  56		     1		PUSH ESI							
 000003D4  8B D8	     1		MOV EBX, EAX						
 000003D6  BE 00000000	     1		MOV ESI, 0							
 000003DB		     1		??0002:
 000003DB  80 3C 1E 00	     1			CMP byte ptr [EBX + ESI], 0		
 000003DF  74 03	     1			JE ??0003							
 000003E1  46		     1			INC ESI							
 000003E2  EB F7	     1			JMP ??0002						
 000003E4		     1		??0003:		
 000003E4  46		     1			INC ESI							
 000003E5  8B C6	     1			MOV EAX, ESI					
 000003E7  5E		     1		POP ESI								
 000003E8  5B		     1		POP EBX								
 000003E9  5D		     1		POP EBP								
 000003EA  8B F8			MOV EDI, EAX					;stores the number of bytes in the output into EDI
 000003EC  4F				DEC EDI							;decrements edi so we ignore the null character the getBytes counts for
 000003ED  8B 5D 08			MOV EBX, lpDestination			;moves the address of the output into ebx
 000003F0  8B 4D FC			MOV ECX, numBytesToCopy			;moves the number of bytes to copy into ecx so we can loop
 000003F3  03 DF			ADD EBX, EDI 					;adds EDI to the initial address so we get the starting address were going to paste to
					
 000003F5				lpCopyString:
 000003F5  8B 02				MOV EAX, [EDX]				;moves the current value at address edx into eax
 000003F7  88 03				MOV [EBX], AL				;moves into the current address of ebx the value in AL
 000003F9  43					INC EBX						;increments to the next position in the destination
 000003FA  42					INC EDX						;increments to the next position in the source
 000003FB  E2 F8			loop lpCopyString				;decrement ecx, and jump back to the top
					RET								;return back to where I was called from. 
 00000405			appendString endp 

				END
Microsoft (R) Macro Assembler Version 6.11		    11/04/19 19:16:26
time.asm						     Symbols 2 - 1




Macros:

                N a m e                 Type

getBytes . . . . . . . . . . . .	Proc


Structures and Unions:

                N a m e                  Size
                                         Offset      Type

SYSTEMTIME . . . . . . . . . . .	 00000010
  wYear  . . . . . . . . . . . .	 00000000	 Word
  wMonth . . . . . . . . . . . .	 00000002	 Word
  wDayOfWeek . . . . . . . . . .	 00000004	 Word
  wDay . . . . . . . . . . . . .	 00000006	 Word
  wHour  . . . . . . . . . . . .	 00000008	 Word
  wMinute  . . . . . . . . . . .	 0000000A	 Word
  wSecond  . . . . . . . . . . .	 0000000C	 Word
  wMillisecs . . . . . . . . . .	 0000000E	 Word


Segments and Groups:

                N a m e                 Size     Length   Align   Combine Class

FLAT . . . . . . . . . . . . . .	GROUP
_DATA  . . . . . . . . . . . . .	32 Bit	 000001B3 DWord	  Public  'DATA'	
_TEXT  . . . . . . . . . . . . .	32 Bit	 00000405 DWord	  Public  'CODE'	


Procedures,  parameters and locals:

                N a m e                 Type     Value    Attr

GetLocalTime . . . . . . . . . .	P Near	 00000000 FLAT	Length= 00000000 External STDCALL
appendString . . . . . . . . . .	P Near	 000003A1 _TEXT	Length= 00000064 Public STDCALL
  lpDestination  . . . . . . . .	DWord	 bp + 00000008
  lpSource . . . . . . . . . . .	DWord	 bp + 0000000C
  numBytesToCopy . . . . . . . .	DWord	 bp - 00000004
  ??0000 . . . . . . . . . . . .	L Near	 000003BA _TEXT	
  ??0001 . . . . . . . . . . . .	L Near	 000003C3 _TEXT	
  ??0002 . . . . . . . . . . . .	L Near	 000003DB _TEXT	
  ??0003 . . . . . . . . . . . .	L Near	 000003E4 _TEXT	
  lpCopyString . . . . . . . . .	L Near	 000003F5 _TEXT	
getTime  . . . . . . . . . . . .	P Near	 00000000 _TEXT	Length= 0000001A Public STDCALL
getsTime . . . . . . . . . . . .	P Near	 0000001A _TEXT	Length= 0000039B Public STDCALL
  lpSystemTime . . . . . . . . .	DWord	 bp + 00000008
  lpTimeString . . . . . . . . .	DWord	 bp + 0000000C
  outputAddress  . . . . . . . .	DWord	 bp - 00000004
  January  . . . . . . . . . . .	L Near	 0000008C _TEXT	
  February . . . . . . . . . . .	L Near	 0000009E _TEXT	
  March  . . . . . . . . . . . .	L Near	 000000B0 _TEXT	
  April  . . . . . . . . . . . .	L Near	 000000C2 _TEXT	
  May  . . . . . . . . . . . . .	L Near	 000000D1 _TEXT	
  June . . . . . . . . . . . . .	L Near	 000000E0 _TEXT	
  July . . . . . . . . . . . . .	L Near	 000000EF _TEXT	
  August . . . . . . . . . . . .	L Near	 000000FE _TEXT	
  September  . . . . . . . . . .	L Near	 0000010D _TEXT	
  October  . . . . . . . . . . .	L Near	 0000011C _TEXT	
  November . . . . . . . . . . .	L Near	 0000012B _TEXT	
  December . . . . . . . . . . .	L Near	 0000013A _TEXT	
  InsertRest . . . . . . . . . .	L Near	 00000149 _TEXT	
  Midnight . . . . . . . . . . .	L Near	 000001DB _TEXT	
  PMConvert  . . . . . . . . . .	L Near	 0000020C _TEXT	
  Minute . . . . . . . . . . . .	L Near	 0000023D _TEXT	
  formatMin  . . . . . . . . . .	L Near	 0000026D _TEXT	
  Second . . . . . . . . . . . .	L Near	 000002AD _TEXT	
  formatSec  . . . . . . . . . .	L Near	 000002DD _TEXT	
  Millisecs  . . . . . . . . . .	L Near	 0000031D _TEXT	
  formatMill . . . . . . . . . .	L Near	 00000340 _TEXT	
  endofTime  . . . . . . . . . .	L Near	 00000373 _TEXT	
  itsAM  . . . . . . . . . . . .	L Near	 0000038B _TEXT	
  done . . . . . . . . . . . . .	L Near	 0000039A _TEXT	
intasc32Comma  . . . . . . . . .	P Near	 00000000 FLAT	Length= 00000000 External STDCALL
intasc32 . . . . . . . . . . . .	P Near	 00000000 FLAT	Length= 00000000 External STDCALL


Symbols:

                N a m e                 Type     Value    Attr

@CodeSize  . . . . . . . . . . .	Number	 00000000h   
@DataSize  . . . . . . . . . . .	Number	 00000000h   
@Interface . . . . . . . . . . .	Number	 00000000h   
@Model . . . . . . . . . . . . .	Number	 00000007h   
@code  . . . . . . . . . . . . .	Text   	 _TEXT
@data  . . . . . . . . . . . . .	Text   	 FLAT
@fardata?  . . . . . . . . . . .	Text   	 FLAT
@fardata . . . . . . . . . . . .	Text   	 FLAT
@stack . . . . . . . . . . . . .	Text   	 FLAT
bAM  . . . . . . . . . . . . . .	Byte	 000001B2 _DATA	
strAM  . . . . . . . . . . . . .	Byte	 0000019C _DATA	
strApril . . . . . . . . . . . .	Byte	 00000130 _DATA	
strAt  . . . . . . . . . . . . .	Byte	 000001AA _DATA	
strAugust  . . . . . . . . . . .	Byte	 00000158 _DATA	
strCol . . . . . . . . . . . . .	Byte	 000001A8 _DATA	
strComma . . . . . . . . . . . .	Byte	 000001AF _DATA	
strDecember  . . . . . . . . . .	Byte	 0000018E _DATA	
strFebruary  . . . . . . . . . .	Byte	 00000117 _DATA	
strJanuary . . . . . . . . . . .	Byte	 0000010A _DATA	
strJuly  . . . . . . . . . . . .	Byte	 0000014E _DATA	
strJune  . . . . . . . . . . . .	Byte	 00000144 _DATA	
strMarch . . . . . . . . . . . .	Byte	 00000125 _DATA	
strMay . . . . . . . . . . . . .	Byte	 0000013B _DATA	
strNovember  . . . . . . . . . .	Byte	 00000180 _DATA	
strOctober . . . . . . . . . . .	Byte	 00000173 _DATA	
strPM  . . . . . . . . . . . . .	Byte	 000001A2 _DATA	
strSeptember . . . . . . . . . .	Byte	 00000164 _DATA	
strTempString  . . . . . . . . .	Byte	 000000D8 _DATA	
strTimeString  . . . . . . . . .	Byte	 00000010 _DATA	
sysTime  . . . . . . . . . . . .	SYSTEMTIME  00000000 _DATA	

	   0 Warnings
	   0 Errors
